<?xml version="1.0" encoding="UTF-8"?>
<testng-results skipped="0" failed="1" ignored="0" total="6" passed="5">
  <reporter-output>
  </reporter-output>
  <suite name="Suite" duration-ms="62936" started-at="2019-04-15T08:59:49Z" finished-at="2019-04-15T09:00:52Z">
    <groups>
    </groups>
    <test name="Test" duration-ms="62936" started-at="2019-04-15T08:59:49Z" finished-at="2019-04-15T09:00:52Z">
      <class name="test.java.codepenio.Test_Codepenio">
        <test-method status="PASS" signature="setUp()[pri:0, instance:test.java.codepenio.Test_Codepenio@180bc464]" name="setUp" is-config="true" duration-ms="32397" started-at="2019-04-15T08:59:49Z" finished-at="2019-04-15T09:00:22Z">
          <reporter-output>
          </reporter-output>
        </test-method> <!-- setUp -->
        <test-method status="PASS" signature="checkForecastLink()[pri:0, instance:test.java.codepenio.Test_Codepenio@180bc464]" name="checkForecastLink" duration-ms="100" started-at="2019-04-15T09:00:22Z" finished-at="2019-04-15T09:00:22Z">
          <reporter-output>
          </reporter-output>
        </test-method> <!-- checkForecastLink -->
        <test-method status="PASS" signature="shutDown()[pri:0, instance:test.java.codepenio.Test_Codepenio@180bc464]" name="shutDown" is-config="true" duration-ms="1009" started-at="2019-04-15T09:00:22Z" finished-at="2019-04-15T09:00:23Z">
          <reporter-output>
          </reporter-output>
        </test-method> <!-- shutDown -->
      </class> <!-- test.java.codepenio.Test_Codepenio -->
      <class name="test.java.tabulator.Test_Tabulator">
        <test-method status="PASS" signature="setUp()[pri:0, instance:test.java.tabulator.Test_Tabulator@2c6a3f77]" name="setUp" is-config="true" duration-ms="13642" started-at="2019-04-15T08:59:49Z" finished-at="2019-04-15T09:00:03Z">
          <reporter-output>
          </reporter-output>
        </test-method> <!-- setUp -->
        <test-method status="PASS" signature="checkValueInTheTable()[pri:0, instance:test.java.tabulator.Test_Tabulator@2c6a3f77]" name="checkValueInTheTable" duration-ms="1442" started-at="2019-04-15T09:00:03Z" finished-at="2019-04-15T09:00:04Z">
          <reporter-output>
          </reporter-output>
        </test-method> <!-- checkValueInTheTable -->
        <test-method status="PASS" signature="shutDown()[pri:0, instance:test.java.tabulator.Test_Tabulator@2c6a3f77]" name="shutDown" is-config="true" duration-ms="1144" started-at="2019-04-15T09:00:04Z" finished-at="2019-04-15T09:00:05Z">
          <reporter-output>
          </reporter-output>
        </test-method> <!-- shutDown -->
      </class> <!-- test.java.tabulator.Test_Tabulator -->
      <class name="test.java.quickitcom.Test_Quickitcom">
        <test-method status="PASS" signature="setUp()[pri:0, instance:test.java.quickitcom.Test_Quickitcom@1324409e]" name="setUp" is-config="true" duration-ms="15681" started-at="2019-04-15T08:59:49Z" finished-at="2019-04-15T09:00:05Z">
          <reporter-output>
          </reporter-output>
        </test-method> <!-- setUp -->
        <test-method status="PASS" signature="checkNumberOfFilesAfterClckOnButton()[pri:0, instance:test.java.quickitcom.Test_Quickitcom@1324409e]" name="checkNumberOfFilesAfterClckOnButton" duration-ms="3330" started-at="2019-04-15T09:00:05Z" finished-at="2019-04-15T09:00:08Z">
          <reporter-output>
          </reporter-output>
        </test-method> <!-- checkNumberOfFilesAfterClckOnButton -->
        <test-method status="PASS" signature="shutDown()[pri:0, instance:test.java.quickitcom.Test_Quickitcom@1324409e]" name="shutDown" is-config="true" duration-ms="818" started-at="2019-04-15T09:00:08Z" finished-at="2019-04-15T09:00:09Z">
          <reporter-output>
          </reporter-output>
        </test-method> <!-- shutDown -->
      </class> <!-- test.java.quickitcom.Test_Quickitcom -->
      <class name="test.java.indiegogo.Test_Indiegogo">
        <test-method status="PASS" signature="setUp()[pri:0, instance:test.java.indiegogo.Test_Indiegogo@735f7ae5]" name="setUp" is-config="true" duration-ms="13563" started-at="2019-04-15T08:59:49Z" finished-at="2019-04-15T09:00:03Z">
          <reporter-output>
          </reporter-output>
        </test-method> <!-- setUp -->
        <test-method status="FAIL" signature="checkContextCommercial()[pri:0, instance:test.java.indiegogo.Test_Indiegogo@735f7ae5]" name="checkContextCommercial" duration-ms="30056" started-at="2019-04-15T09:00:03Z" finished-at="2019-04-15T09:00:33Z">
          <exception class="org.openqa.selenium.NoSuchElementException">
            <message>
              <![CDATA[Unable to locate element: //div[@ng-click="nextImage($event)"]
For documentation on this error, please visit: https://www.seleniumhq.org/exceptions/no_such_element.html
Build info: version: '3.141.59', revision: 'e82be7d358', time: '2018-11-14T08:17:03'
System info: host: 'DESKTOP-D64SJFJ', ip: '192.168.80.63', os.name: 'Windows 10', os.arch: 'amd64', os.version: '10.0', java.version: '1.8.0_201'
Driver info: org.openqa.selenium.remote.RemoteWebDriver
Capabilities {acceptInsecureCerts: true, browserName: firefox, browserVersion: 66.0.2, javascriptEnabled: true, moz:accessibilityChecks: false, moz:geckodriverVersion: 0.24.0, moz:headless: false, moz:processID: 6496, moz:profile: C:\Users\anduser\AppData\Lo..., moz:shutdownTimeout: 60000, moz:useNonSpecCompliantPointerOrigin: false, moz:webdriverClick: true, pageLoadStrategy: normal, platform: WINDOWS, platformName: WINDOWS, platformVersion: 10.0, rotatable: false, setWindowRect: true, strictFileInteractability: false, timeouts: {implicit: 0, pageLoad: 300000, script: 30000}, unhandledPromptBehavior: dismiss and notify, webdriver.remote.sessionid: d60de7bf-5b2c-4f37-a75d-dd3...}
Session ID: d60de7bf-5b2c-4f37-a75d-dd3b3380c3da
*** Element info: {Using=xpath, value=//div[@ng-click="nextImage($event)"]}]]>
            </message>
            <full-stacktrace>
              <![CDATA[org.openqa.selenium.NoSuchElementException: Unable to locate element: //div[@ng-click="nextImage($event)"]
For documentation on this error, please visit: https://www.seleniumhq.org/exceptions/no_such_element.html
Build info: version: '3.141.59', revision: 'e82be7d358', time: '2018-11-14T08:17:03'
System info: host: 'DESKTOP-D64SJFJ', ip: '192.168.80.63', os.name: 'Windows 10', os.arch: 'amd64', os.version: '10.0', java.version: '1.8.0_201'
Driver info: org.openqa.selenium.remote.RemoteWebDriver
Capabilities {acceptInsecureCerts: true, browserName: firefox, browserVersion: 66.0.2, javascriptEnabled: true, moz:accessibilityChecks: false, moz:geckodriverVersion: 0.24.0, moz:headless: false, moz:processID: 6496, moz:profile: C:\Users\anduser\AppData\Lo..., moz:shutdownTimeout: 60000, moz:useNonSpecCompliantPointerOrigin: false, moz:webdriverClick: true, pageLoadStrategy: normal, platform: WINDOWS, platformName: WINDOWS, platformVersion: 10.0, rotatable: false, setWindowRect: true, strictFileInteractability: false, timeouts: {implicit: 0, pageLoad: 300000, script: 30000}, unhandledPromptBehavior: dismiss and notify, webdriver.remote.sessionid: d60de7bf-5b2c-4f37-a75d-dd3...}
Session ID: d60de7bf-5b2c-4f37-a75d-dd3b3380c3da
*** Element info: {Using=xpath, value=//div[@ng-click="nextImage($event)"]}
at sun.reflect.NativeConstructorAccessorImpl.newInstance0(Native Method)
at sun.reflect.NativeConstructorAccessorImpl.newInstance(NativeConstructorAccessorImpl.java:62)
at sun.reflect.DelegatingConstructorAccessorImpl.newInstance(DelegatingConstructorAccessorImpl.java:45)
at java.lang.reflect.Constructor.newInstance(Constructor.java:423)
at org.openqa.selenium.remote.http.W3CHttpResponseCodec.createException(W3CHttpResponseCodec.java:187)
at org.openqa.selenium.remote.http.W3CHttpResponseCodec.decode(W3CHttpResponseCodec.java:122)
at org.openqa.selenium.remote.http.W3CHttpResponseCodec.decode(W3CHttpResponseCodec.java:49)
at org.openqa.selenium.remote.HttpCommandExecutor.execute(HttpCommandExecutor.java:158)
at org.openqa.selenium.remote.RemoteWebDriver.execute(RemoteWebDriver.java:552)
at org.openqa.selenium.remote.RemoteWebDriver.findElement(RemoteWebDriver.java:323)
at org.openqa.selenium.remote.RemoteWebDriver.findElementByXPath(RemoteWebDriver.java:428)
at org.openqa.selenium.By$ByXPath.findElement(By.java:353)
at org.openqa.selenium.remote.RemoteWebDriver.findElement(RemoteWebDriver.java:315)
at org.openqa.selenium.support.pagefactory.DefaultElementLocator.findElement(DefaultElementLocator.java:69)
at org.openqa.selenium.support.pagefactory.internal.LocatingElementHandler.invoke(LocatingElementHandler.java:38)
at com.sun.proxy.$Proxy7.click(Unknown Source)
at test.java.indiegogo.logic.MainPageLogic.checkCommercialContext(MainPageLogic.java:19)
at test.java.indiegogo.Test_Indiegogo.checkContextCommercial(Test_Indiegogo.java:32)
at sun.reflect.NativeMethodAccessorImpl.invoke0(Native Method)
at sun.reflect.NativeMethodAccessorImpl.invoke(NativeMethodAccessorImpl.java:62)
at sun.reflect.DelegatingMethodAccessorImpl.invoke(DelegatingMethodAccessorImpl.java:43)
at java.lang.reflect.Method.invoke(Method.java:498)
at org.testng.internal.MethodInvocationHelper.invokeMethod(MethodInvocationHelper.java:124)
at org.testng.internal.Invoker.invokeMethod(Invoker.java:583)
at org.testng.internal.Invoker.invokeTestMethod(Invoker.java:719)
at org.testng.internal.Invoker.invokeTestMethods(Invoker.java:989)
at org.testng.internal.TestMethodWorker.invokeTestMethods(TestMethodWorker.java:125)
at org.testng.internal.TestMethodWorker.run(TestMethodWorker.java:109)
at java.util.concurrent.ThreadPoolExecutor.runWorker(ThreadPoolExecutor.java:1149)
at java.util.concurrent.ThreadPoolExecutor$Worker.run(ThreadPoolExecutor.java:624)
at java.lang.Thread.run(Thread.java:748)
]]>
            </full-stacktrace>
          </exception> <!-- org.openqa.selenium.NoSuchElementException -->
          <reporter-output>
          </reporter-output>
        </test-method> <!-- checkContextCommercial -->
        <test-method status="PASS" signature="checkShowMoreButton()[pri:0, instance:test.java.indiegogo.Test_Indiegogo@735f7ae5]" name="checkShowMoreButton" duration-ms="10426" started-at="2019-04-15T09:00:33Z" finished-at="2019-04-15T09:00:43Z">
          <reporter-output>
          </reporter-output>
        </test-method> <!-- checkShowMoreButton -->
        <test-method status="PASS" signature="checkTextOnTheNewsPage()[pri:0, instance:test.java.indiegogo.Test_Indiegogo@735f7ae5]" name="checkTextOnTheNewsPage" duration-ms="7608" started-at="2019-04-15T09:00:43Z" finished-at="2019-04-15T09:00:51Z">
          <reporter-output>
          </reporter-output>
        </test-method> <!-- checkTextOnTheNewsPage -->
        <test-method status="PASS" signature="shutDown()[pri:0, instance:test.java.indiegogo.Test_Indiegogo@735f7ae5]" name="shutDown" is-config="true" duration-ms="1243" started-at="2019-04-15T09:00:51Z" finished-at="2019-04-15T09:00:52Z">
          <reporter-output>
          </reporter-output>
        </test-method> <!-- shutDown -->
      </class> <!-- test.java.indiegogo.Test_Indiegogo -->
    </test> <!-- Test -->
  </suite> <!-- Suite -->
</testng-results>
